<?xml version="1.0" encoding="UTF-8"?>
<!-- Generated by org.testng.reporters.JUnitXMLReporter -->
<testsuite ignored="0" hostname="LAPTOP-RERLQ593" failures="1" tests="1" name="Regression suite 1" time="38.566" errors="0" timestamp="2024-01-24T20:15:24 IST">
  <testcase classname="com.filpkart.MobileAutomatio.fullResetDemo" name="simpleTest" time="2.812">
    <failure type="org.openqa.selenium.NoSuchElementException" message="An element could not be located on the page using the given search parameters.
For documentation on this error, please visit: https://www.seleniumhq.org/exceptions/no_such_element.html
Build info: version: &amp;apos;3.141.59&amp;apos;, revision: &amp;apos;e82be7d358&amp;apos;, time: &amp;apos;2018-11-14T08:17:03&amp;apos;
System info: host: &amp;apos;LAPTOP-RERLQ593&amp;apos;, ip: &amp;apos;192.168.0.107&amp;apos;, os.name: &amp;apos;Windows 11&amp;apos;, os.arch: &amp;apos;amd64&amp;apos;, os.version: &amp;apos;10.0&amp;apos;, java.version: &amp;apos;17.0.9&amp;apos;
Driver info: io.appium.java_client.android.AndroidDriver
Capabilities {app: C:\Users\Bablu\Desktop\Mobi..., appActivity: com.amazon.mShop.splashscre..., appPackage: com.amazon.mShop.android.sh..., databaseEnabled: false, desired: {app: C:\Users\Bablu\Desktop\Mobi..., appActivity: com.amazon.mShop.splashscre..., appPackage: com.amazon.mShop.android.sh..., deviceName: c5fd9b61, fullReset: true, platformName: android, platformVersion: 9}, deviceApiLevel: 28, deviceManufacturer: vivo, deviceModel: vivo 1921, deviceName: c5fd9b61, deviceScreenDensity: 480, deviceScreenSize: 1080x2340, deviceUDID: c5fd9b61, fullReset: true, javascriptEnabled: true, locationContextEnabled: false, networkConnectionEnabled: true, pixelRatio: 3, platform: LINUX, platformName: Android, platformVersion: 9, statBarHeight: 84, takesScreenshot: true, viewportRect: {height: 2046, left: 0, top: 84, width: 1080}, warnings: {}, webStorageEnabled: false}
Session ID: e449f9cf-050a-431b-aa64-cead0945b4ad
*** Element info: {Using=id, value=in.amazon.mShop.android.shopping:id/sso_continue}">
      <![CDATA[org.openqa.selenium.NoSuchElementException: An element could not be located on the page using the given search parameters.
For documentation on this error, please visit: https://www.seleniumhq.org/exceptions/no_such_element.html
Build info: version: '3.141.59', revision: 'e82be7d358', time: '2018-11-14T08:17:03'
System info: host: 'LAPTOP-RERLQ593', ip: '192.168.0.107', os.name: 'Windows 11', os.arch: 'amd64', os.version: '10.0', java.version: '17.0.9'
Driver info: io.appium.java_client.android.AndroidDriver
Capabilities {app: C:\Users\Bablu\Desktop\Mobi..., appActivity: com.amazon.mShop.splashscre..., appPackage: com.amazon.mShop.android.sh..., databaseEnabled: false, desired: {app: C:\Users\Bablu\Desktop\Mobi..., appActivity: com.amazon.mShop.splashscre..., appPackage: com.amazon.mShop.android.sh..., deviceName: c5fd9b61, fullReset: true, platformName: android, platformVersion: 9}, deviceApiLevel: 28, deviceManufacturer: vivo, deviceModel: vivo 1921, deviceName: c5fd9b61, deviceScreenDensity: 480, deviceScreenSize: 1080x2340, deviceUDID: c5fd9b61, fullReset: true, javascriptEnabled: true, locationContextEnabled: false, networkConnectionEnabled: true, pixelRatio: 3, platform: LINUX, platformName: Android, platformVersion: 9, statBarHeight: 84, takesScreenshot: true, viewportRect: {height: 2046, left: 0, top: 84, width: 1080}, warnings: {}, webStorageEnabled: false}
Session ID: e449f9cf-050a-431b-aa64-cead0945b4ad
*** Element info: {Using=id, value=in.amazon.mShop.android.shopping:id/sso_continue}
at org.openqa.selenium.remote.http.W3CHttpResponseCodec.createException(W3CHttpResponseCodec.java:187)
at org.openqa.selenium.remote.http.W3CHttpResponseCodec.decode(W3CHttpResponseCodec.java:122)
at org.openqa.selenium.remote.http.W3CHttpResponseCodec.decode(W3CHttpResponseCodec.java:49)
at org.openqa.selenium.remote.HttpCommandExecutor.execute(HttpCommandExecutor.java:158)
at io.appium.java_client.remote.AppiumCommandExecutor.execute(AppiumCommandExecutor.java:239)
at org.openqa.selenium.remote.RemoteWebDriver.execute(RemoteWebDriver.java:552)
at io.appium.java_client.DefaultGenericMobileDriver.execute(DefaultGenericMobileDriver.java:42)
at io.appium.java_client.AppiumDriver.execute(AppiumDriver.java:1)
at io.appium.java_client.android.AndroidDriver.execute(AndroidDriver.java:1)
at org.openqa.selenium.remote.RemoteWebDriver.findElement(RemoteWebDriver.java:323)
at io.appium.java_client.DefaultGenericMobileDriver.findElement(DefaultGenericMobileDriver.java:62)
at io.appium.java_client.AppiumDriver.findElement(AppiumDriver.java:1)
at io.appium.java_client.android.AndroidDriver.findElement(AndroidDriver.java:1)
at org.openqa.selenium.remote.RemoteWebDriver.findElementById(RemoteWebDriver.java:372)
at io.appium.java_client.DefaultGenericMobileDriver.findElementById(DefaultGenericMobileDriver.java:70)
at io.appium.java_client.AppiumDriver.findElementById(AppiumDriver.java:1)
at io.appium.java_client.android.AndroidDriver.findElementById(AndroidDriver.java:1)
at org.openqa.selenium.By$ById.findElement(By.java:188)
at org.openqa.selenium.remote.RemoteWebDriver.findElement(RemoteWebDriver.java:315)
at io.appium.java_client.DefaultGenericMobileDriver.findElement(DefaultGenericMobileDriver.java:58)
at io.appium.java_client.AppiumDriver.findElement(AppiumDriver.java:1)
at io.appium.java_client.android.AndroidDriver.findElement(AndroidDriver.java:1)
at com.filpkart.MobileAutomatio.fullResetDemo.simpleTest(fullResetDemo.java:38)
at java.base/java.util.ArrayList.forEach(ArrayList.java:1511)
... Removed 32 stack frames]]>
    </failure>
  </testcase> <!-- simpleTest -->
</testsuite> <!-- Regression suite 1 -->
