<?xml version="1.0" encoding="UTF-8"?>
<testng-results ignored="0" total="1" passed="1" failed="0" skipped="0">
  <reporter-output>
  </reporter-output>
  <suite started-at="2024-01-24T18:10:03 IST" name="Surefire suite" finished-at="2024-01-24T18:10:03 IST" duration-ms="70">
    <groups>
    </groups>
    <test started-at="2024-01-24T18:10:03 IST" name="Surefire test" finished-at="2024-01-24T18:10:03 IST" duration-ms="70">
      <class name="com.filpkart.MobileAutomatio.AppTest">
        <test-method signature="shouldAnswerWithTrue()" started-at="2024-01-24T18:10:03 IST" name="shouldAnswerWithTrue" finished-at="2024-01-24T18:10:03 IST" duration-ms="10" status="PASS">
          <reporter-output>
          </reporter-output>
        </test-method> <!-- shouldAnswerWithTrue -->
      </class> <!-- com.filpkart.MobileAutomatio.AppTest -->
    </test> <!-- Surefire test -->
  </suite> <!-- Surefire suite -->
</testng-results>
